<?xml version="1.0" encoding="UTF-8"?>
<!-- Generated by org.testng.reporters.JUnitReportReporter -->
<testsuite hostname="MYLAPTOP" failures="0" tests="1" name="AutoTesting.AppiumT.unbiasly1" time="50.233" errors="0" timestamp="2025-05-26T14:49:30 IST" skipped="0">
  <testcase classname="AutoTesting.AppiumT.unbiasly1" name="open" time="50.233"/>
</testsuite> <!-- AutoTesting.AppiumT.unbiasly1 -->
