<?xml version="1.0" encoding="UTF-8"?>
<!-- Generated by org.testng.reporters.JUnitReportReporter -->
<testsuite hostname="MYLAPTOP" failures="0" tests="1" name="AutoTesting.AppiumT.openingImage" time="41.592" errors="0" timestamp="2025-05-28T11:54:59 IST" skipped="0">
  <testcase classname="AutoTesting.AppiumT.openingImage" name="source" time="41.592"/>
</testsuite> <!-- AutoTesting.AppiumT.openingImage -->
