<?xml version="1.0" encoding="UTF-8"?>
<!-- Generated by org.testng.reporters.JUnitReportReporter -->
<testsuite hostname="MYLAPTOP" failures="0" tests="1" name="AutoTesting.AppiumT.sourceButton" time="41.321" errors="0" timestamp="2025-05-27T11:51:22 IST" skipped="0">
  <testcase classname="AutoTesting.AppiumT.sourceButton" name="source" time="41.321"/>
</testsuite> <!-- AutoTesting.AppiumT.sourceButton -->
