<?xml version="1.0" encoding="UTF-8"?>
<!-- Generated by org.testng.reporters.JUnitReportReporter -->
<testsuite hostname="MYLAPTOP" failures="0" tests="1" name="AutoTesting.AppiumT.Notification1" time="33.452" errors="0" timestamp="2025-05-27T15:26:43 IST" skipped="0">
  <testcase classname="AutoTesting.AppiumT.Notification1" name="notifi" time="33.452"/>
</testsuite> <!-- AutoTesting.AppiumT.Notification1 -->
