<?xml version="1.0" encoding="UTF-8"?>
<!-- Generated by org.testng.reporters.JUnitReportReporter -->
<testsuite hostname="MYLAPTOP" failures="0" tests="1" name="AutoTesting.AppiumT.sourcewhileScroll" time="45.253" errors="0" timestamp="2025-05-27T12:04:23 IST" skipped="0">
  <testcase classname="AutoTesting.AppiumT.sourcewhileScroll" name="source" time="45.253"/>
</testsuite> <!-- AutoTesting.AppiumT.sourcewhileScroll -->
