<?xml version="1.0" encoding="UTF-8"?>
<!-- Generated by org.testng.reporters.JUnitReportReporter -->
<testsuite hostname="MYLAPTOP" failures="0" tests="1" name="AutoTesting.AppiumT.Login" time="27.646" errors="0" timestamp="2025-06-26T14:54:15 IST" skipped="0">
  <testcase classname="AutoTesting.AppiumT.Login" name="NameDisplay" time="27.646"/>
</testsuite> <!-- AutoTesting.AppiumT.Login -->
