<?xml version="1.0" encoding="UTF-8"?>
<!-- Generated by org.testng.reporters.JUnitReportReporter -->
<testsuite hostname="MYLAPTOP" failures="0" tests="1" name="AutoTesting.AppiumT.logout" time="42.649" errors="0" timestamp="2025-06-26T14:57:59 IST" skipped="0">
  <testcase classname="AutoTesting.AppiumT.logout" name="NameDisplay" time="42.649"/>
</testsuite> <!-- AutoTesting.AppiumT.logout -->
