<?xml version="1.0" encoding="UTF-8"?>
<!-- Generated by org.testng.reporters.JUnitReportReporter -->
<testsuite hostname="MYLAPTOP" failures="0" tests="1" name="AutoTesting.AppiumT.LoginfromNotification" time="17.447" errors="0" timestamp="2025-05-28T13:34:22 IST" skipped="0">
  <testcase classname="AutoTesting.AppiumT.LoginfromNotification" name="source" time="17.447"/>
</testsuite> <!-- AutoTesting.AppiumT.LoginfromNotification -->
