<?xml version="1.0" encoding="UTF-8"?>
<!-- Generated by org.testng.reporters.JUnitReportReporter -->
<testsuite hostname="MYLAPTOP" failures="0" tests="1" name="AutoTesting.AppiumT.NewUser_very3News" time="46.247" errors="0" timestamp="2025-06-12T16:05:50 IST" skipped="0">
  <testcase classname="AutoTesting.AppiumT.NewUser_very3News" name="NameDisplay" time="46.247"/>
</testsuite> <!-- AutoTesting.AppiumT.NewUser_very3News -->
