<?xml version="1.0" encoding="UTF-8"?>
<!-- Generated by org.testng.reporters.JUnitReportReporter -->
<testsuite hostname="MYLAPTOP" failures="0" tests="1" name="AutoTesting.AppiumT.deleting_account" time="75.119" errors="0" timestamp="2025-07-25T11:39:32 IST" skipped="0">
  <testcase classname="AutoTesting.AppiumT.deleting_account" name="NameDisplay" time="75.119"/>
</testsuite> <!-- AutoTesting.AppiumT.deleting_account -->
