<?xml version="1.0" encoding="UTF-8"?>
<!-- Generated by org.testng.reporters.JUnitReportReporter -->
<testsuite hostname="MYLAPTOP" failures="0" tests="1" name="AutoTesting.AppiumT.AboutUs1" time="127.236" errors="0" timestamp="2025-06-12T14:35:07 IST" skipped="0">
  <testcase classname="AutoTesting.AppiumT.AboutUs1" name="notifi" time="127.236"/>
</testsuite> <!-- AutoTesting.AppiumT.AboutUs1 -->
