<?xml version="1.0" encoding="UTF-8"?>
<!-- Generated by org.testng.reporters.JUnitReportReporter -->
<testsuite hostname="MYLAPTOP" failures="0" tests="1" name="AutoTesting.AppiumT.Delete_account" time="39.748" errors="0" timestamp="2025-07-25T11:41:06 IST" skipped="0">
  <testcase classname="AutoTesting.AppiumT.Delete_account" name="NameDisplay" time="39.748"/>
</testsuite> <!-- AutoTesting.AppiumT.Delete_account -->
