<?xml version="1.0" encoding="UTF-8"?>
<!-- Generated by org.testng.reporters.JUnitReportReporter -->
<testsuite hostname="MYLAPTOP" failures="0" tests="1" name="AutoTesting.AppiumT.languages_changing" time="24.805" errors="0" timestamp="2025-06-12T15:18:37 IST" skipped="0">
  <testcase classname="AutoTesting.AppiumT.languages_changing" name="notifi" time="24.805"/>
</testsuite> <!-- AutoTesting.AppiumT.languages_changing -->
