<?xml version="1.0" encoding="UTF-8"?>
<!-- Generated by org.testng.reporters.JUnitReportReporter -->
<testsuite hostname="MYLAPTOP" failures="0" tests="1" name="AutoTesting.AppiumT.feed1" time="46.380" errors="0" timestamp="2025-07-25T11:28:36 IST" skipped="0">
  <testcase classname="AutoTesting.AppiumT.feed1" name="NameDisplay" time="46.380"/>
</testsuite> <!-- AutoTesting.AppiumT.feed1 -->
