<?xml version="1.0" encoding="UTF-8"?>
<!-- Generated by org.testng.reporters.JUnitReportReporter -->
<testsuite hostname="MYLAPTOP" failures="0" tests="1" name="AutoTesting.AppiumT.scrolling" time="268.998" errors="0" timestamp="2025-05-30T11:49:30 IST" skipped="0">
  <testcase classname="AutoTesting.AppiumT.scrolling" name="feedscroll" time="268.998"/>
</testsuite> <!-- AutoTesting.AppiumT.scrolling -->
