<?xml version="1.0" encoding="UTF-8"?>
<!-- Generated by org.testng.reporters.JUnitReportReporter -->
<testsuite hostname="MYLAPTOP" failures="0" tests="1" name="AutoTesting.AppiumT.sharenews_userlogin" time="66.582" errors="0" timestamp="2025-06-13T14:49:48 IST" skipped="0">
  <testcase classname="AutoTesting.AppiumT.sharenews_userlogin" name="feedscroll" time="66.582"/>
</testsuite> <!-- AutoTesting.AppiumT.sharenews_userlogin -->
